==20026== Memcheck, a memory error detector
==20026== Copyright (C) 2002-2017, and GNU GPL'd, by Julian Seward et al.
==20026== Using Valgrind-3.17.0 and LibVEX; rerun with -h for copyright info
==20026== Command: ./v1/hotrace
==20026== Parent PID: 2433
==20026== 
==20026== 
==20026== FILE DESCRIPTORS: 4 open (3 std) at exit.
==20026== Open file descriptor 3: /home/jodufour/Documents/42/Cursus/Projects/hotrace/logs_v1
==20026==    <inherited from parent>
==20026== 
==20026== 
==20026== HEAP SUMMARY:
==20026==     in use at exit: 0 bytes in 0 blocks
==20026==   total heap usage: 2,286,727 allocs, 2,286,727 frees, 398,439,919 bytes allocated
==20026== 
==20026== All heap blocks were freed -- no leaks are possible
==20026== 
==20026== For lists of detected and suppressed errors, rerun with: -s
==20026== ERROR SUMMARY: 0 errors from 0 contexts (suppressed: 0 from 0)
