==20243== Memcheck, a memory error detector
==20243== Copyright (C) 2002-2017, and GNU GPL'd, by Julian Seward et al.
==20243== Using Valgrind-3.17.0 and LibVEX; rerun with -h for copyright info
==20243== Command: ./v2/hotrace
==20243== Parent PID: 2433
==20243== 
==20243== 
==20243== FILE DESCRIPTORS: 4 open (3 std) at exit.
==20243== Open file descriptor 3: /home/jodufour/Documents/42/Cursus/Projects/hotrace/logs_v2
==20243==    <inherited from parent>
==20243== 
==20243== 
==20243== HEAP SUMMARY:
==20243==     in use at exit: 0 bytes in 0 blocks
==20243==   total heap usage: 2,267,638 allocs, 2,267,638 frees, 32,939,079 bytes allocated
==20243== 
==20243== All heap blocks were freed -- no leaks are possible
==20243== 
==20243== For lists of detected and suppressed errors, rerun with: -s
==20243== ERROR SUMMARY: 0 errors from 0 contexts (suppressed: 0 from 0)
